0 info it worked if it ends with ok
1 verbose cli [ 'C:\\Program Files\\nodejs\\node.exe',
1 verbose cli   'C:\\Program Files\\nodejs\\node_modules\\npm\\bin\\npm-cli.js',
1 verbose cli   'install',
1 verbose cli   'memwatch',
1 verbose cli   '--save' ]
2 info using npm@3.10.8
3 info using node@v6.9.1
4 silly loadCurrentTree Starting
5 silly install loadCurrentTree
6 silly install readLocalPackageData
7 silly fetchPackageMetaData memwatch
8 silly fetchNamedPackageData memwatch
9 silly mapToRegistry name memwatch
10 silly mapToRegistry using default registry
11 silly mapToRegistry registry https://registry.npmjs.org/
12 silly mapToRegistry data Result {
12 silly mapToRegistry   raw: 'memwatch',
12 silly mapToRegistry   scope: null,
12 silly mapToRegistry   escapedName: 'memwatch',
12 silly mapToRegistry   name: 'memwatch',
12 silly mapToRegistry   rawSpec: '',
12 silly mapToRegistry   spec: 'latest',
12 silly mapToRegistry   type: 'tag' }
13 silly mapToRegistry uri https://registry.npmjs.org/memwatch
14 verbose request uri https://registry.npmjs.org/memwatch
15 verbose request no auth needed
16 info attempt registry request try #1 at 3:30:50 PM
17 verbose request id 6003e084adbbd012
18 verbose etag W/"580882f4-9358"
19 verbose lastModified Thu, 20 Oct 2016 08:40:20 GMT
20 http request GET https://registry.npmjs.org/memwatch
21 http 304 https://registry.npmjs.org/memwatch
22 verbose headers { date: 'Fri, 09 Dec 2016 13:30:51 GMT',
22 verbose headers   via: '1.1 varnish',
22 verbose headers   'cache-control': 'max-age=300',
22 verbose headers   etag: 'W/"580882f4-9358"',
22 verbose headers   age: '273',
22 verbose headers   connection: 'keep-alive',
22 verbose headers   'x-served-by': 'cache-lhr6328-LHR',
22 verbose headers   'x-cache': 'HIT',
22 verbose headers   'x-cache-hits': '1',
22 verbose headers   'x-timer': 'S1481290251.127203,VS0,VE0',
22 verbose headers   vary: 'Accept-Encoding' }
23 silly get cb [ 304,
23 silly get   { date: 'Fri, 09 Dec 2016 13:30:51 GMT',
23 silly get     via: '1.1 varnish',
23 silly get     'cache-control': 'max-age=300',
23 silly get     etag: 'W/"580882f4-9358"',
23 silly get     age: '273',
23 silly get     connection: 'keep-alive',
23 silly get     'x-served-by': 'cache-lhr6328-LHR',
23 silly get     'x-cache': 'HIT',
23 silly get     'x-cache-hits': '1',
23 silly get     'x-timer': 'S1481290251.127203,VS0,VE0',
23 silly get     vary: 'Accept-Encoding' } ]
24 verbose etag https://registry.npmjs.org/memwatch from cache
25 verbose get saving memwatch to C:\Users\oleksandr.bardanov\AppData\Roaming\npm-cache\registry.npmjs.org\memwatch\.cache.json
26 verbose correctMkdir C:\Users\oleksandr.bardanov\AppData\Roaming\npm-cache correctMkdir not in flight; initializing
27 silly install normalizeTree
28 silly loadCurrentTree Finishing
29 silly loadIdealTree Starting
30 silly install loadIdealTree
31 silly cloneCurrentTree Starting
32 silly install cloneCurrentTreeToIdealTree
33 silly cloneCurrentTree Finishing
34 silly loadShrinkwrap Starting
35 silly install loadShrinkwrap
36 silly loadShrinkwrap Finishing
37 silly loadAllDepsIntoIdealTree Starting
38 silly install loadAllDepsIntoIdealTree
39 silly resolveWithNewModule memwatch@0.2.2 checking installable status
40 silly cache add args [ 'memwatch', null ]
41 verbose cache add spec memwatch
42 silly cache add parsed spec Result {
42 silly cache add   raw: 'memwatch',
42 silly cache add   scope: null,
42 silly cache add   escapedName: 'memwatch',
42 silly cache add   name: 'memwatch',
42 silly cache add   rawSpec: '',
42 silly cache add   spec: 'latest',
42 silly cache add   type: 'tag' }
43 silly addNamed memwatch@latest
44 verbose addNamed "latest" is being treated as a dist-tag for memwatch
45 info addNameTag [ 'memwatch', 'latest' ]
46 silly mapToRegistry name memwatch
47 silly mapToRegistry using default registry
48 silly mapToRegistry registry https://registry.npmjs.org/
49 silly mapToRegistry data Result {
49 silly mapToRegistry   raw: 'memwatch',
49 silly mapToRegistry   scope: null,
49 silly mapToRegistry   escapedName: 'memwatch',
49 silly mapToRegistry   name: 'memwatch',
49 silly mapToRegistry   rawSpec: '',
49 silly mapToRegistry   spec: 'latest',
49 silly mapToRegistry   type: 'tag' }
50 silly mapToRegistry uri https://registry.npmjs.org/memwatch
51 verbose addNameTag registry:https://registry.npmjs.org/memwatch not in flight; fetching
52 verbose get https://registry.npmjs.org/memwatch not expired, no request
53 silly addNameTag next cb for memwatch with tag latest
54 silly addNamed memwatch@0.2.2
55 verbose addNamed "0.2.2" is a plain semver version for memwatch
56 silly cache afterAdd memwatch@0.2.2
57 verbose afterAdd C:\Users\oleksandr.bardanov\AppData\Roaming\npm-cache\memwatch\0.2.2\package\package.json not in flight; writing
58 verbose correctMkdir C:\Users\oleksandr.bardanov\AppData\Roaming\npm-cache correctMkdir not in flight; initializing
59 verbose afterAdd C:\Users\oleksandr.bardanov\AppData\Roaming\npm-cache\memwatch\0.2.2\package\package.json written
60 silly loadAllDepsIntoIdealTree Finishing
61 silly loadIdealTree Finishing
62 silly currentTree websockets-connection@1.0.0
62 silly currentTree +-- node-uuid@1.4.7
62 silly currentTree +-- options@0.0.6
62 silly currentTree +-- ultron@1.0.2
62 silly currentTree +-- uws@0.12.0
62 silly currentTree `-- ws@1.1.1
63 silly idealTree websockets-connection@1.0.0
63 silly idealTree +-- memwatch@0.2.2
63 silly idealTree +-- node-uuid@1.4.7
63 silly idealTree +-- options@0.0.6
63 silly idealTree +-- ultron@1.0.2
63 silly idealTree +-- uws@0.12.0
63 silly idealTree `-- ws@1.1.1
64 silly generateActionsToTake Starting
65 silly install generateActionsToTake
66 silly generateActionsToTake Finishing
67 silly diffTrees action count 1
68 silly diffTrees add memwatch@0.2.2
69 silly decomposeActions action count 8
70 silly decomposeActions fetch memwatch@0.2.2
71 silly decomposeActions extract memwatch@0.2.2
72 silly decomposeActions test memwatch@0.2.2
73 silly decomposeActions preinstall memwatch@0.2.2
74 silly decomposeActions build memwatch@0.2.2
75 silly decomposeActions install memwatch@0.2.2
76 silly decomposeActions postinstall memwatch@0.2.2
77 silly decomposeActions finalize memwatch@0.2.2
78 silly runTopLevelLifecycles Starting
79 silly executeActions Starting
80 silly install executeActions
81 silly doSerial global-install 0
82 silly doParallel fetch 1
83 verbose correctMkdir C:\Users\oleksandr.bardanov\AppData\Roaming\npm-cache\_locks correctMkdir not in flight; initializing
84 verbose lock using C:\Users\oleksandr.bardanov\AppData\Roaming\npm-cache\_locks\staging-f3bd88f2d467fec5.lock for D:\projects\websockets-connection\node_modules\.staging
85 silly doParallel extract 1
86 silly extract memwatch@0.2.2
87 verbose unbuild node_modules\.staging\memwatch-fc4c2557
88 silly gentlyRm D:\projects\websockets-connection\node_modules\.staging\memwatch-fc4c2557 is being purged from base D:\projects\websockets-connection
89 verbose gentlyRm don't care about contents; nuking D:\projects\websockets-connection\node_modules\.staging\memwatch-fc4c2557
90 verbose tar unpack C:\Users\oleksandr.bardanov\AppData\Roaming\npm-cache\memwatch\0.2.2\package.tgz
91 verbose tar unpacking to D:\projects\websockets-connection\node_modules\.staging\memwatch-fc4c2557
92 silly gentlyRm D:\projects\websockets-connection\node_modules\.staging\memwatch-fc4c2557 is being purged
93 verbose gentlyRm don't care about contents; nuking D:\projects\websockets-connection\node_modules\.staging\memwatch-fc4c2557
94 silly gunzTarPerm modes [ '777', '666' ]
95 silly gunzTarPerm extractEntry package.json
96 silly gunzTarPerm modified mode [ 'package.json', 420, 438 ]
97 silly gunzTarPerm extractEntry .npmignore
98 silly gunzTarPerm modified mode [ '.npmignore', 420, 438 ]
99 silly gunzTarPerm extractEntry README.md
100 silly gunzTarPerm modified mode [ 'README.md', 420, 438 ]
101 silly gunzTarPerm extractEntry tests.js
102 silly gunzTarPerm modified mode [ 'tests.js', 420, 438 ]
103 silly gunzTarPerm extractEntry foo.js
104 silly gunzTarPerm modified mode [ 'foo.js', 420, 438 ]
105 silly gunzTarPerm extractEntry include.js
106 silly gunzTarPerm modified mode [ 'include.js', 420, 438 ]
107 silly gunzTarPerm extractEntry .travis.yml
108 silly gunzTarPerm modified mode [ '.travis.yml', 420, 438 ]
109 silly gunzTarPerm extractEntry ChangeLog
110 silly gunzTarPerm modified mode [ 'ChangeLog', 420, 438 ]
111 silly gunzTarPerm extractEntry #wscript#
112 silly gunzTarPerm modified mode [ '#wscript#', 420, 438 ]
113 silly gunzTarPerm extractEntry binding.gyp
114 silly gunzTarPerm modified mode [ 'binding.gyp', 420, 438 ]
115 silly gunzTarPerm extractEntry src/heapdiff.cc
116 silly gunzTarPerm modified mode [ 'src/heapdiff.cc', 420, 438 ]
117 silly gunzTarPerm extractEntry src/heapdiff.hh
118 silly gunzTarPerm modified mode [ 'src/heapdiff.hh', 420, 438 ]
119 silly gunzTarPerm extractEntry src/init.cc
120 silly gunzTarPerm modified mode [ 'src/init.cc', 420, 438 ]
121 silly gunzTarPerm extractEntry src/memwatch.cc
122 silly gunzTarPerm modified mode [ 'src/memwatch.cc', 420, 438 ]
123 silly gunzTarPerm extractEntry src/memwatch.hh
124 silly gunzTarPerm modified mode [ 'src/memwatch.hh', 420, 438 ]
125 silly gunzTarPerm extractEntry src/platformcompat.hh
126 silly gunzTarPerm modified mode [ 'src/platformcompat.hh', 420, 438 ]
127 silly gunzTarPerm extractEntry src/util.cc
128 silly gunzTarPerm modified mode [ 'src/util.cc', 420, 438 ]
129 silly gunzTarPerm extractEntry src/util.hh
130 silly gunzTarPerm modified mode [ 'src/util.hh', 420, 438 ]
131 silly gunzTarPerm extractEntry examples/basic_heapdiff.js
132 silly gunzTarPerm modified mode [ 'examples/basic_heapdiff.js', 420, 438 ]
133 silly gunzTarPerm extractEntry examples/do_nothing_server.js
134 silly gunzTarPerm modified mode [ 'examples/do_nothing_server.js', 420, 438 ]
135 silly gunzTarPerm extractEntry examples/slightly_leaky.js
136 silly gunzTarPerm modified mode [ 'examples/slightly_leaky.js', 420, 438 ]
137 silly gentlyRm D:\projects\websockets-connection\node_modules\.staging\memwatch-fc4c2557\node_modules is being purged
138 verbose gentlyRm don't care about contents; nuking D:\projects\websockets-connection\node_modules\.staging\memwatch-fc4c2557\node_modules
139 silly doParallel preinstall 1
140 silly preinstall memwatch@0.2.2 D:\projects\websockets-connection\node_modules\.staging\memwatch-fc4c2557
141 info lifecycle memwatch@0.2.2~preinstall: memwatch@0.2.2
142 silly lifecycle memwatch@0.2.2~preinstall: no script for preinstall, continuing
143 silly doReverseSerial remove 0
144 silly doSerial move 0
145 silly doSerial finalize 1
146 silly finalize D:\projects\websockets-connection\node_modules\memwatch
147 silly doSerial build 1
148 silly build memwatch@0.2.2
149 info linkStuff memwatch@0.2.2
150 silly linkStuff memwatch@0.2.2 has D:\projects\websockets-connection\node_modules as its parent node_modules
151 verbose linkBins memwatch@0.2.2
152 verbose linkMans memwatch@0.2.2
153 silly doSerial global-link 0
154 silly doParallel update-linked 0
155 silly doSerial install 1
156 silly install memwatch@0.2.2 D:\projects\websockets-connection\node_modules\.staging\memwatch-fc4c2557
157 info lifecycle memwatch@0.2.2~install: memwatch@0.2.2
158 verbose lifecycle memwatch@0.2.2~install: unsafe-perm in lifecycle true
159 verbose lifecycle memwatch@0.2.2~install: PATH: C:\Users\oleksandr.bardanov\AppData\Roaming\nvm\v6.9.1\node_modules\npm\bin\node-gyp-bin;D:\projects\websockets-connection\node_modules\memwatch\node_modules\.bin;D:\projects\websockets-connection\node_modules\.bin;D:\projects\cmder\bin;D:\projects\cmder\vendor\msysgit\bin;D:\projects\cmder\vendor\msysgit\mingw\bin;D:\projects\cmder\vendor\msysgit\cmd;D:\projects\cmder\vendor\msysgit\share\vim\vim74;D:\projects\cmder;D:\projects\cmder\vendor\conemu-maximus5\ConEmu;D:\projects\cmder\vendor\conemu-maximus5;C:\Python27\;C:\Python27\Scripts;D:\Tools\ImageMagick-6.8.9-Q16;C:\Windows\system32;C:\Windows;C:\Windows\System32\Wbem;C:\Windows\System32\WindowsPowerShell\v1.0\;D:\AccuRev\bin;C:\Program Files\Code Collaborator Client;C:\HashiCorp\Vagrant\bin;C:\Program Files (x86)\Git\cmd;C:\Program Files (x86)\QuickTime\QTSystem\;C:\phantomjs\;C:\Program Files (x86)\Heroku\bin;C:\Program Files (x86)\git\cmd;C:\Program Files (x86)\Skype\Phone\;C:\Users\oleksandr.bardanov\AppData\Roaming\nvm;C:\Program Files\nodejs;C:\Program Files (x86)\Brackets\command;C:\Users\oleksandr.bardanov\AppData\Local\Code\bin;C:\Users\oleksandr.bardanov\AppData\Local\atom\bin;C:\Users\oleksandr.bardanov\AppData\Roaming\npm;C:\Users\oleksandr.bardanov\AppData\Roaming\nvm;C:\Program Files\nodejs;C:\Program Files (x86)\Microsoft VS Code\bin
160 verbose lifecycle memwatch@0.2.2~install: CWD: D:\projects\websockets-connection\node_modules\memwatch
161 silly lifecycle memwatch@0.2.2~install: Args: [ '/d /s /c', 'node-gyp rebuild' ]
162 silly lifecycle memwatch@0.2.2~install: Returned: code: 1  signal: null
163 info lifecycle memwatch@0.2.2~install: Failed to exec install script
164 verbose unlock done using C:\Users\oleksandr.bardanov\AppData\Roaming\npm-cache\_locks\staging-f3bd88f2d467fec5.lock for D:\projects\websockets-connection\node_modules\.staging
165 silly rollbackFailedOptional Starting
166 silly rollbackFailedOptional Finishing
167 silly runTopLevelLifecycles Finishing
168 silly install printInstalled
169 warn websockets-connection@1.0.0 No description
170 verbose If you need help, you may report this error at:
170 verbose     <https://github.com/npm/npm/issues>
171 warn websockets-connection@1.0.0 No repository field.
172 verbose If you need help, you may report this error at:
172 verbose     <https://github.com/npm/npm/issues>
173 verbose stack Error: memwatch@0.2.2 install: `node-gyp rebuild`
173 verbose stack Exit status 1
173 verbose stack     at EventEmitter.<anonymous> (C:\Users\oleksandr.bardanov\AppData\Roaming\nvm\v6.9.1\node_modules\npm\lib\utils\lifecycle.js:255:16)
173 verbose stack     at emitTwo (events.js:106:13)
173 verbose stack     at EventEmitter.emit (events.js:191:7)
173 verbose stack     at ChildProcess.<anonymous> (C:\Users\oleksandr.bardanov\AppData\Roaming\nvm\v6.9.1\node_modules\npm\lib\utils\spawn.js:40:14)
173 verbose stack     at emitTwo (events.js:106:13)
173 verbose stack     at ChildProcess.emit (events.js:191:7)
173 verbose stack     at maybeClose (internal/child_process.js:877:16)
173 verbose stack     at Process.ChildProcess._handle.onexit (internal/child_process.js:226:5)
174 verbose pkgid memwatch@0.2.2
175 verbose cwd D:\projects\websockets-connection
176 error Windows_NT 6.1.7601
177 error argv "C:\\Program Files\\nodejs\\node.exe" "C:\\Program Files\\nodejs\\node_modules\\npm\\bin\\npm-cli.js" "install" "memwatch" "--save"
178 error node v6.9.1
179 error npm  v3.10.8
180 error code ELIFECYCLE
181 error memwatch@0.2.2 install: `node-gyp rebuild`
181 error Exit status 1
182 error Failed at the memwatch@0.2.2 install script 'node-gyp rebuild'.
182 error Make sure you have the latest version of node.js and npm installed.
182 error If you do, this is most likely a problem with the memwatch package,
182 error not with npm itself.
182 error Tell the author that this fails on your system:
182 error     node-gyp rebuild
182 error You can get information on how to open an issue for this project with:
182 error     npm bugs memwatch
182 error Or if that isn't available, you can get their info via:
182 error     npm owner ls memwatch
182 error There is likely additional logging output above.
183 verbose exit [ 1, true ]
